<?xml version="1.0" encoding="UTF-8"?>
<coverage generated="1776383993574" clover="3.2.0">
  <project timestamp="1776383993574" name="All files">
    <metrics statements="100" coveredstatements="94" conditionals="3480" coveredconditionals="536" methods="1365" coveredmethods="400" elements="4945" coveredelements="1030" complexity="0" loc="100" ncloc="100" packages="9" files="12" classes="12"/>
    <package name="src">
      <metrics statements="10" coveredstatements="10" conditionals="0" coveredconditionals="0" methods="2" coveredmethods="2"/>
      <file name="app.js" path="/Users/alexanderp/University/senior/spring/ITIS4166/note-api-starter/src/app.js">
        <metrics statements="10" coveredstatements="10" conditionals="0" coveredconditionals="0" methods="2" coveredmethods="2"/>
        <line num="6" count="3" type="stmt"/>
        <line num="7" count="3" type="stmt"/>
        <line num="8" count="3" type="stmt"/>
        <line num="9" count="3" type="stmt"/>
        <line num="11" count="3" type="stmt"/>
        <line num="12" count="1" type="stmt"/>
        <line num="14" count="3" type="stmt"/>
        <line num="15" count="3" type="stmt"/>
        <line num="16" count="1" type="stmt"/>
        <line num="19" count="3" type="stmt"/>
      </file>
    </package>
    <package name="src.config">
      <metrics statements="2" coveredstatements="2" conditionals="0" coveredconditionals="0" methods="0" coveredmethods="0"/>
      <file name="db.js" path="/Users/alexanderp/University/senior/spring/ITIS4166/note-api-starter/src/config/db.js">
        <metrics statements="2" coveredstatements="2" conditionals="0" coveredconditionals="0" methods="0" coveredmethods="0"/>
        <line num="4" count="3" type="stmt"/>
        <line num="7" count="3" type="stmt"/>
      </file>
    </package>
    <package name="src.controllers">
      <metrics statements="5" coveredstatements="5" conditionals="0" coveredconditionals="0" methods="2" coveredmethods="2"/>
      <file name="noteController.js" path="/Users/alexanderp/University/senior/spring/ITIS4166/note-api-starter/src/controllers/noteController.js">
        <metrics statements="5" coveredstatements="5" conditionals="0" coveredconditionals="0" methods="2" coveredmethods="2"/>
        <line num="3" count="1" type="stmt"/>
        <line num="4" count="1" type="stmt"/>
        <line num="7" count="1" type="stmt"/>
        <line num="8" count="1" type="stmt"/>
        <line num="9" count="1" type="stmt"/>
      </file>
    </package>
    <package name="src.generated.prisma">
      <metrics statements="47" coveredstatements="47" conditionals="87" coveredconditionals="33" methods="102" coveredmethods="69"/>
      <file name="client.js" path="/Users/alexanderp/University/senior/spring/ITIS4166/note-api-starter/src/generated/prisma/client.js">
        <metrics statements="1" coveredstatements="1" conditionals="0" coveredconditionals="0" methods="0" coveredmethods="0"/>
        <line num="5" count="3" type="stmt"/>
      </file>
      <file name="index.js" path="/Users/alexanderp/University/senior/spring/ITIS4166/note-api-starter/src/generated/prisma/index.js">
        <metrics statements="42" coveredstatements="42" conditionals="0" coveredconditionals="0" methods="2" coveredmethods="2"/>
        <line num="6" count="3" type="stmt"/>
        <line num="33" count="3" type="stmt"/>
        <line num="36" count="3" type="stmt"/>
        <line num="38" count="3" type="stmt"/>
        <line num="39" count="3" type="stmt"/>
        <line num="45" count="3" type="stmt"/>
        <line num="50" count="3" type="stmt"/>
        <line num="51" count="3" type="stmt"/>
        <line num="52" count="3" type="stmt"/>
        <line num="53" count="3" type="stmt"/>
        <line num="54" count="3" type="stmt"/>
        <line num="55" count="3" type="stmt"/>
        <line num="60" count="3" type="stmt"/>
        <line num="61" count="3" type="stmt"/>
        <line num="62" count="3" type="stmt"/>
        <line num="63" count="3" type="stmt"/>
        <line num="64" count="3" type="stmt"/>
        <line num="69" count="3" type="stmt"/>
        <line num="70" count="3" type="stmt"/>
        <line num="75" count="3" type="stmt"/>
        <line num="76" count="3" type="stmt"/>
        <line num="77" count="3" type="stmt"/>
        <line num="79" count="3" type="stmt"/>
        <line num="84" count="3" type="stmt"/>
        <line num="89" count="3" type="stmt"/>
        <line num="96" count="3" type="stmt"/>
        <line num="102" count="3" type="stmt"/>
        <line num="107" count="3" type="stmt"/>
        <line num="113" count="3" type="stmt"/>
        <line num="119" count="3" type="stmt"/>
        <line num="127" count="3" type="stmt"/>
        <line num="128" count="3" type="stmt"/>
        <line num="129" count="3" type="stmt"/>
        <line num="133" count="3" type="stmt"/>
        <line num="134" count="1" type="stmt"/>
        <line num="136" count="1" type="stmt"/>
        <line num="137" count="1" type="stmt"/>
        <line num="138" count="1" type="stmt"/>
        <line num="140" count="1" type="stmt"/>
        <line num="145" count="3" type="stmt"/>
        <line num="146" count="3" type="stmt"/>
        <line num="147" count="3" type="stmt"/>
      </file>
      <file name="query_compiler_fast_bg.js" path="/Users/alexanderp/University/senior/spring/ITIS4166/note-api-starter/src/generated/prisma/query_compiler_fast_bg.js">
        <metrics statements="2" coveredstatements="2" conditionals="87" coveredconditionals="33" methods="100" coveredmethods="67"/>
        <line num="1" count="897" type="cond" truecount="20" falsecount="39"/>
        <line num="2" count="109" type="cond" truecount="13" falsecount="15"/>
      </file>
      <file name="query_compiler_fast_bg.wasm-base64.js" path="/Users/alexanderp/University/senior/spring/ITIS4166/note-api-starter/src/generated/prisma/query_compiler_fast_bg.wasm-base64.js">
        <metrics statements="2" coveredstatements="2" conditionals="0" coveredconditionals="0" methods="0" coveredmethods="0"/>
        <line num="1" count="1" type="stmt"/>
        <line num="2" count="1" type="stmt"/>
      </file>
    </package>
    <package name="src.generated.prisma.runtime">
      <metrics statements="22" coveredstatements="16" conditionals="3389" coveredconditionals="499" methods="1254" coveredmethods="322"/>
      <file name="client.js" path="/Users/alexanderp/University/senior/spring/ITIS4166/note-api-starter/src/generated/prisma/runtime/client.js">
        <metrics statements="22" coveredstatements="16" conditionals="3389" coveredconditionals="499" methods="1254" coveredmethods="322"/>
        <line num="5" count="18000" type="cond" truecount="100" falsecount="183"/>
        <line num="6" count="477" type="cond" truecount="50" falsecount="112"/>
        <line num="7" count="0" type="stmt"/>
        <line num="8" count="0" type="stmt"/>
        <line num="9" count="0" type="stmt"/>
        <line num="10" count="3" type="cond" truecount="0" falsecount="40"/>
        <line num="11" count="3" type="cond" truecount="0" falsecount="39"/>
        <line num="12" count="3" type="cond" truecount="0" falsecount="75"/>
        <line num="13" count="3" type="cond" truecount="0" falsecount="136"/>
        <line num="14" count="93" type="cond" truecount="59" falsecount="226"/>
        <line num="15" count="2061" type="cond" truecount="186" falsecount="1360"/>
        <line num="16" count="0" type="stmt"/>
        <line num="17" count="3" type="cond" truecount="0" falsecount="7"/>
        <line num="20" count="0" type="stmt"/>
        <line num="52" count="0" type="stmt"/>
        <line num="61" count="3" type="cond" truecount="30" falsecount="240"/>
        <line num="62" count="3" type="cond" truecount="12" falsecount="106"/>
        <line num="69" count="15" type="cond" truecount="21" falsecount="131"/>
        <line num="70" count="3" type="cond" truecount="6" falsecount="88"/>
        <line num="74" count="3" type="cond" truecount="24" falsecount="54"/>
        <line num="79" count="3" type="cond" truecount="9" falsecount="73"/>
        <line num="80" count="3" type="cond" truecount="2" falsecount="18"/>
      </file>
    </package>
    <package name="src.middleware">
      <metrics statements="3" coveredstatements="3" conditionals="4" coveredconditionals="4" methods="1" coveredmethods="1"/>
      <file name="errorHandler.js" path="/Users/alexanderp/University/senior/spring/ITIS4166/note-api-starter/src/middleware/errorHandler.js">
        <metrics statements="3" coveredstatements="3" conditionals="4" coveredconditionals="4" methods="1" coveredmethods="1"/>
        <line num="2" count="2" type="cond" truecount="2" falsecount="0"/>
        <line num="3" count="2" type="stmt"/>
        <line num="4" count="2" type="stmt"/>
      </file>
    </package>
    <package name="src.repositories">
      <metrics statements="4" coveredstatements="4" conditionals="0" coveredconditionals="0" methods="2" coveredmethods="2"/>
      <file name="noteRepo.js" path="/Users/alexanderp/University/senior/spring/ITIS4166/note-api-starter/src/repositories/noteRepo.js">
        <metrics statements="4" coveredstatements="4" conditionals="0" coveredconditionals="0" methods="2" coveredmethods="2"/>
        <line num="3" count="1" type="stmt"/>
        <line num="4" count="1" type="stmt"/>
        <line num="7" count="1" type="stmt"/>
        <line num="8" count="1" type="stmt"/>
      </file>
    </package>
    <package name="src.routes">
      <metrics statements="3" coveredstatements="3" conditionals="0" coveredconditionals="0" methods="0" coveredmethods="0"/>
      <file name="noteRoutes.js" path="/Users/alexanderp/University/senior/spring/ITIS4166/note-api-starter/src/routes/noteRoutes.js">
        <metrics statements="3" coveredstatements="3" conditionals="0" coveredconditionals="0" methods="0" coveredmethods="0"/>
        <line num="3" count="3" type="stmt"/>
        <line num="5" count="3" type="stmt"/>
        <line num="6" count="3" type="stmt"/>
      </file>
    </package>
    <package name="src.services">
      <metrics statements="4" coveredstatements="4" conditionals="0" coveredconditionals="0" methods="2" coveredmethods="2"/>
      <file name="noteService.js" path="/Users/alexanderp/University/senior/spring/ITIS4166/note-api-starter/src/services/noteService.js">
        <metrics statements="4" coveredstatements="4" conditionals="0" coveredconditionals="0" methods="2" coveredmethods="2"/>
        <line num="3" count="1" type="stmt"/>
        <line num="4" count="1" type="stmt"/>
        <line num="7" count="1" type="stmt"/>
        <line num="8" count="1" type="stmt"/>
      </file>
    </package>
  </project>
</coverage>
