{"/Users/alexanderp/University/senior/spring/ITIS4166/note-api-starter/src/app.js": {"path":"/Users/alexanderp/University/senior/spring/ITIS4166/note-api-starter/src/app.js","statementMap":{"0":{"start":{"line":6,"column":12},"end":{"line":6,"column":21}},"1":{"start":{"line":7,"column":0},"end":{"line":7,"column":16}},"2":{"start":{"line":8,"column":0},"end":{"line":8,"column":24}},"3":{"start":{"line":9,"column":0},"end":{"line":9,"column":24}},"4":{"start":{"line":11,"column":0},"end":{"line":13,"column":3}},"5":{"start":{"line":12,"column":2},"end":{"line":12,"column":41}},"6":{"start":{"line":15,"column":0},"end":{"line":17,"column":3}},"7":{"start":{"line":16,"column":2},"end":{"line":16,"column":47}},"8":{"start":{"line":19,"column":0},"end":{"line":19,"column":22}}},"fnMap":{"0":{"name":"(anonymous_0)","decl":{"start":{"line":11,"column":19},"end":{"line":11,"column":20}},"loc":{"start":{"line":11,"column":33},"end":{"line":13,"column":1}},"line":11},"1":{"name":"(anonymous_1)","decl":{"start":{"line":15,"column":8},"end":{"line":15,"column":9}},"loc":{"start":{"line":15,"column":28},"end":{"line":17,"column":1}},"line":15}},"branchMap":{},"s":{"0":2,"1":2,"2":2,"3":2,"4":2,"5":1,"6":2,"7":1,"8":2},"f":{"0":1,"1":1},"b":{},"_coverageSchema":"1a1c01bbd47fc00a2c39e90264f33305004495a9","hash":"f8c4ce319a57c6d9c03c39f45794d404382f9579"}
,"/Users/alexanderp/University/senior/spring/ITIS4166/note-api-starter/src/middleware/errorHandler.js": {"path":"/Users/alexanderp/University/senior/spring/ITIS4166/note-api-starter/src/middleware/errorHandler.js","statementMap":{"0":{"start":{"line":2,"column":17},"end":{"line":2,"column":34}},"1":{"start":{"line":3,"column":2},"end":{"line":5,"column":5}}},"fnMap":{"0":{"name":"errorHandler","decl":{"start":{"line":1,"column":9},"end":{"line":1,"column":21}},"loc":{"start":{"line":1,"column":43},"end":{"line":6,"column":1}},"line":1}},"branchMap":{"0":{"loc":{"start":{"line":2,"column":17},"end":{"line":2,"column":34}},"type":"binary-expr","locations":[{"start":{"line":2,"column":17},"end":{"line":2,"column":27}},{"start":{"line":2,"column":31},"end":{"line":2,"column":34}}],"line":2},"1":{"loc":{"start":{"line":4,"column":11},"end":{"line":4,"column":49}},"type":"binary-expr","locations":[{"start":{"line":4,"column":11},"end":{"line":4,"column":22}},{"start":{"line":4,"column":26},"end":{"line":4,"column":49}}],"line":4}},"s":{"0":2,"1":2},"f":{"0":2},"b":{"0":[2,2],"1":[2,1]},"_coverageSchema":"1a1c01bbd47fc00a2c39e90264f33305004495a9","hash":"ec68918a8de35009db35efa1e1f833649893d3cd"}
}
